[2022-08-09 23:04:55.261] {"creator":"86642dfe-61b0-3d01-b9f8-4809f22948fe","shop":{"world":"world","position":{"x":37,"y":64,"z":-97,"world":"world"},"moderator":"{\"owner\":\"86642dfe-61b0-3d01-b9f8-4809f22948fe\",\"staffs\":[]}","price":1111.0,"item":"item:\n  ==: org.bukkit.inventory.ItemStack\n  v: 3105\n  type: DIAMOND\n","unlimited":0,"shopType":0,"extra":"QuickShop: {}\n","currency":null,"disableDisplay":false,"taxAccount":"333350c9-c230-30e4-b0a8-7c25bd88bf54"},"location":{"==":"org.bukkit.Location","world":"world","x":37.0,"y":64.0,"z":-97.0,"pitch":0.0,"yaw":0.0}}
[2022-08-09 23:05:24.373] {"player":"86642dfe-61b0-3d01-b9f8-4809f22948fe","reason":"BlockBreak(player)","shop":{"world":"world","position":{"x":37,"y":64,"z":-97,"world":"world"},"moderator":"{\"owner\":\"86642dfe-61b0-3d01-b9f8-4809f22948fe\",\"staffs\":[]}","price":1111.0,"item":"item:\n  ==: org.bukkit.inventory.ItemStack\n  v: 3105\n  type: DIAMOND\n","unlimited":0,"shopType":0,"extra":"QuickShop: {}\n","currency":null,"disableDisplay":false,"taxAccount":"333350c9-c230-30e4-b0a8-7c25bd88bf54"}}
[2022-08-09 23:05:24.373] {"player":"00000000-0000-0000-0000-000000000000","reason":"Shop removed","shop":{"world":"world","position":{"x":37,"y":64,"z":-97,"world":"world"},"moderator":"{\"owner\":\"86642dfe-61b0-3d01-b9f8-4809f22948fe\",\"staffs\":[]}","price":1111.0,"item":"item:\n  ==: org.bukkit.inventory.ItemStack\n  v: 3105\n  type: DIAMOND\n","unlimited":0,"shopType":0,"extra":"QuickShop: {}\n","currency":null,"disableDisplay":false,"taxAccount":"333350c9-c230-30e4-b0a8-7c25bd88bf54"}}
[2022-08-11 13:59:49.441] {"player":"f91b4bf8-5aed-3b4e-b9f9-a00743976f96","reason":"/qs silentremove command","shop":{"world":"world","position":{"x":-111,"y":162,"z":88,"world":"world"},"moderator":"{\"owner\":\"86642dfe-61b0-3d01-b9f8-4809f22948fe\",\"staffs\":[]}","price":50.0,"item":"item:\n  ==: org.bukkit.inventory.ItemStack\n  v: 3105\n  type: QUARTZ\n","unlimited":1,"shopType":0,"extra":"QuickShop: {}\n","currency":null,"disableDisplay":false,"taxAccount":"333350c9-c230-30e4-b0a8-7c25bd88bf54"}}
[2022-08-11 13:59:49.442] {"player":"00000000-0000-0000-0000-000000000000","reason":"Shop removed","shop":{"world":"world","position":{"x":-111,"y":162,"z":88,"world":"world"},"moderator":"{\"owner\":\"86642dfe-61b0-3d01-b9f8-4809f22948fe\",\"staffs\":[]}","price":50.0,"item":"item:\n  ==: org.bukkit.inventory.ItemStack\n  v: 3105\n  type: QUARTZ\n","unlimited":1,"shopType":0,"extra":"QuickShop: {}\n","currency":null,"disableDisplay":false,"taxAccount":"333350c9-c230-30e4-b0a8-7c25bd88bf54"}}
[2022-08-11 14:00:22.714] {"creator":"f91b4bf8-5aed-3b4e-b9f9-a00743976f96","shop":{"world":"world","position":{"x":-111,"y":162,"z":88,"world":"world"},"moderator":"{\"owner\":\"f91b4bf8-5aed-3b4e-b9f9-a00743976f96\",\"staffs\":[]}","price":50.0,"item":"item:\n  ==: org.bukkit.inventory.ItemStack\n  v: 3105\n  type: QUARTZ\n","unlimited":0,"shopType":0,"extra":"QuickShop: {}\n","currency":null,"disableDisplay":false,"taxAccount":"333350c9-c230-30e4-b0a8-7c25bd88bf54"},"location":{"==":"org.bukkit.Location","world":"world","x":-111.0,"y":162.0,"z":88.0,"pitch":0.0,"yaw":0.0}}
[2022-08-11 14:00:43.953] {"player":"f91b4bf8-5aed-3b4e-b9f9-a00743976f96","reason":"/qs silentremove command","shop":{"world":"world","position":{"x":-111,"y":162,"z":88,"world":"world"},"moderator":"{\"owner\":\"f91b4bf8-5aed-3b4e-b9f9-a00743976f96\",\"staffs\":[]}","price":50.0,"item":"item:\n  ==: org.bukkit.inventory.ItemStack\n  v: 3105\n  type: QUARTZ\n","unlimited":1,"shopType":1,"extra":"QuickShop: {}\n","currency":null,"disableDisplay":false,"taxAccount":"333350c9-c230-30e4-b0a8-7c25bd88bf54"}}
[2022-08-11 14:00:43.953] {"player":"00000000-0000-0000-0000-000000000000","reason":"Shop removed","shop":{"world":"world","position":{"x":-111,"y":162,"z":88,"world":"world"},"moderator":"{\"owner\":\"f91b4bf8-5aed-3b4e-b9f9-a00743976f96\",\"staffs\":[]}","price":50.0,"item":"item:\n  ==: org.bukkit.inventory.ItemStack\n  v: 3105\n  type: QUARTZ\n","unlimited":1,"shopType":1,"extra":"QuickShop: {}\n","currency":null,"disableDisplay":false,"taxAccount":"333350c9-c230-30e4-b0a8-7c25bd88bf54"}}
[2022-08-11 14:01:01.862] {"creator":"f91b4bf8-5aed-3b4e-b9f9-a00743976f96","shop":{"world":"world","position":{"x":-110,"y":166,"z":86,"world":"world"},"moderator":"{\"owner\":\"f91b4bf8-5aed-3b4e-b9f9-a00743976f96\",\"staffs\":[]}","price":50.0,"item":"item:\n  ==: org.bukkit.inventory.ItemStack\n  v: 3105\n  type: QUARTZ\n","unlimited":0,"shopType":0,"extra":"QuickShop: {}\n","currency":null,"disableDisplay":false,"taxAccount":"333350c9-c230-30e4-b0a8-7c25bd88bf54"},"location":{"==":"org.bukkit.Location","world":"world","x":-110.0,"y":166.0,"z":86.0,"pitch":0.0,"yaw":0.0}}
[2022-08-12 11:40:57.495] {"player":"86642dfe-61b0-3d01-b9f8-4809f22948fe","reason":"/qs silentremove command","shop":{"world":"world","position":{"x":181,"y":63,"z":479,"world":"world"},"moderator":"{\"owner\":\"f4e6d232-bd29-3942-8e21-8ca0f5fd1f18\",\"staffs\":[]}","price":200.0,"item":"item:\n  ==: org.bukkit.inventory.ItemStack\n  v: 3105\n  type: COCOA_BEANS\n  meta:\n    ==: ItemMeta\n    meta-type: UNSPECIFIC\n    display-name: '{\"text\":\"汉斯的粑粑\"}'\n","unlimited":0,"shopType":0,"extra":"QuickShop: {}\n","currency":null,"disableDisplay":false,"taxAccount":"333350c9-c230-30e4-b0a8-7c25bd88bf54"}}
[2022-08-12 11:40:57.495] {"player":"00000000-0000-0000-0000-000000000000","reason":"Shop removed","shop":{"world":"world","position":{"x":181,"y":63,"z":479,"world":"world"},"moderator":"{\"owner\":\"f4e6d232-bd29-3942-8e21-8ca0f5fd1f18\",\"staffs\":[]}","price":200.0,"item":"item:\n  ==: org.bukkit.inventory.ItemStack\n  v: 3105\n  type: COCOA_BEANS\n  meta:\n    ==: ItemMeta\n    meta-type: UNSPECIFIC\n    display-name: '{\"text\":\"汉斯的粑粑\"}'\n","unlimited":0,"shopType":0,"extra":"QuickShop: {}\n","currency":null,"disableDisplay":false,"taxAccount":"333350c9-c230-30e4-b0a8-7c25bd88bf54"}}
[2022-08-12 11:41:01.931] {"player":"86642dfe-61b0-3d01-b9f8-4809f22948fe","reason":"/qs silentremove command","shop":{"world":"world","position":{"x":181,"y":63,"z":481,"world":"world"},"moderator":"{\"owner\":\"f4e6d232-bd29-3942-8e21-8ca0f5fd1f18\",\"staffs\":[]}","price":114514.0,"item":"item:\n  ==: org.bukkit.inventory.ItemStack\n  v: 3105\n  type: SPRUCE_SAPLING\n","unlimited":0,"shopType":0,"extra":"QuickShop: {}\n","currency":null,"disableDisplay":false,"taxAccount":"333350c9-c230-30e4-b0a8-7c25bd88bf54"}}
[2022-08-12 11:41:01.931] {"player":"00000000-0000-0000-0000-000000000000","reason":"Shop removed","shop":{"world":"world","position":{"x":181,"y":63,"z":481,"world":"world"},"moderator":"{\"owner\":\"f4e6d232-bd29-3942-8e21-8ca0f5fd1f18\",\"staffs\":[]}","price":114514.0,"item":"item:\n  ==: org.bukkit.inventory.ItemStack\n  v: 3105\n  type: SPRUCE_SAPLING\n","unlimited":0,"shopType":0,"extra":"QuickShop: {}\n","currency":null,"disableDisplay":false,"taxAccount":"333350c9-c230-30e4-b0a8-7c25bd88bf54"}}
[2022-08-12 17:55:18.216] {"beforeTrading":true,"player":"4b5ef2db-d2df-3158-a67a-75fb486bc830","holding":5170.0}
[2022-08-12 17:55:18.216] {"beforeTrading":true,"player":"f91b4bf8-5aed-3b4e-b9f9-a00743976f96","holding":-9600.0}
[2022-08-12 17:55:18.228] {"shop":{"world":"world","position":{"x":-109,"y":162,"z":89,"world":"world"},"moderator":"{\"owner\":\"f91b4bf8-5aed-3b4e-b9f9-a00743976f96\",\"staffs\":[]}","price":1500.0,"item":"item:\n  ==: org.bukkit.inventory.ItemStack\n  v: 3105\n  type: ENDER_CHEST\n","unlimited":1,"shopType":0,"extra":"QuickShop: {}\n","currency":null,"disableDisplay":false,"taxAccount":"333350c9-c230-30e4-b0a8-7c25bd88bf54"},"type":"SELLING","trader":"4b5ef2db-d2df-3158-a67a-75fb486bc830","itemName":"Ender Chest","itemStack":"item:\n  ==: org.bukkit.inventory.ItemStack\n  v: 3105\n  type: ENDER_CHEST\n","amount":1,"balance":1425.0,"tax":0.05}
[2022-08-12 17:55:18.228] {"beforeTrading":false,"player":"4b5ef2db-d2df-3158-a67a-75fb486bc830","holding":3670.0}
[2022-08-12 17:55:18.228] {"beforeTrading":false,"player":"f91b4bf8-5aed-3b4e-b9f9-a00743976f96","holding":-9600.0}
[2022-08-12 17:56:37.986] {"success":false,"from":"f91b4bf8-5aed-3b4e-b9f9-a00743976f96","to":null,"currency":null,"tax":0.0,"taxAccount":"00000000-0000-0000-0000-000000000000","amount":50.0,"lastError":"From hadn't enough money"}
[2022-08-12 17:57:14.855] {"player":"f91b4bf8-5aed-3b4e-b9f9-a00743976f96","reason":"/qs silentremove command","shop":{"world":"world","position":{"x":-112,"y":166,"z":88,"world":"world"},"moderator":"{\"owner\":\"86642dfe-61b0-3d01-b9f8-4809f22948fe\",\"staffs\":[]}","price":50.0,"item":"item:\n  ==: org.bukkit.inventory.ItemStack\n  v: 3105\n  type: IRON_INGOT\n","unlimited":1,"shopType":1,"extra":"QuickShop: {}\n","currency":null,"disableDisplay":false,"taxAccount":"333350c9-c230-30e4-b0a8-7c25bd88bf54"}}
[2022-08-12 17:57:14.856] {"player":"00000000-0000-0000-0000-000000000000","reason":"Shop removed","shop":{"world":"world","position":{"x":-112,"y":166,"z":88,"world":"world"},"moderator":"{\"owner\":\"86642dfe-61b0-3d01-b9f8-4809f22948fe\",\"staffs\":[]}","price":50.0,"item":"item:\n  ==: org.bukkit.inventory.ItemStack\n  v: 3105\n  type: IRON_INGOT\n","unlimited":1,"shopType":1,"extra":"QuickShop: {}\n","currency":null,"disableDisplay":false,"taxAccount":"333350c9-c230-30e4-b0a8-7c25bd88bf54"}}
[2022-08-12 17:57:23.870] {"creator":"f91b4bf8-5aed-3b4e-b9f9-a00743976f96","shop":{"world":"world","position":{"x":-112,"y":166,"z":88,"world":"world"},"moderator":"{\"owner\":\"f91b4bf8-5aed-3b4e-b9f9-a00743976f96\",\"staffs\":[]}","price":30.0,"item":"item:\n  ==: org.bukkit.inventory.ItemStack\n  v: 3105\n  type: IRON_INGOT\n","unlimited":0,"shopType":0,"extra":"QuickShop: {}\n","currency":null,"disableDisplay":false,"taxAccount":"333350c9-c230-30e4-b0a8-7c25bd88bf54"},"location":{"==":"org.bukkit.Location","world":"world","x":-112.0,"y":166.0,"z":88.0,"pitch":0.0,"yaw":0.0}}
[2022-08-12 17:59:02.764] {"beforeTrading":true,"player":"092284e3-ca1c-3cab-ac1c-4f4070f710a3","holding":0.0}
[2022-08-12 17:59:02.765] {"beforeTrading":true,"player":"86642dfe-61b0-3d01-b9f8-4809f22948fe","holding":213436.0}
[2022-08-12 17:59:02.768] {"shop":{"world":"world","position":{"x":-116,"y":166,"z":88,"world":"world"},"moderator":"{\"owner\":\"86642dfe-61b0-3d01-b9f8-4809f22948fe\",\"staffs\":[]}","price":200.0,"item":"item:\n  ==: org.bukkit.inventory.ItemStack\n  v: 3105\n  type: DIAMOND\n","unlimited":1,"shopType":1,"extra":"QuickShop: {}\n","currency":null,"disableDisplay":false,"taxAccount":"333350c9-c230-30e4-b0a8-7c25bd88bf54"},"type":"BUYING","trader":"092284e3-ca1c-3cab-ac1c-4f4070f710a3","itemName":"Diamond","itemStack":"item:\n  ==: org.bukkit.inventory.ItemStack\n  v: 3105\n  type: DIAMOND\n","amount":25,"balance":4750.0,"tax":0.05}
[2022-08-12 17:59:02.768] {"beforeTrading":false,"player":"092284e3-ca1c-3cab-ac1c-4f4070f710a3","holding":4750.0}
[2022-08-12 17:59:02.768] {"beforeTrading":false,"player":"86642dfe-61b0-3d01-b9f8-4809f22948fe","holding":213436.0}
[2022-08-12 18:12:36.514] {"beforeTrading":true,"player":"4b5ef2db-d2df-3158-a67a-75fb486bc830","holding":5170.0}
[2022-08-12 18:12:36.514] {"beforeTrading":true,"player":"f91b4bf8-5aed-3b4e-b9f9-a00743976f96","holding":-9600.0}
[2022-08-12 18:12:36.517] {"shop":{"world":"world","position":{"x":-109,"y":162,"z":89,"world":"world"},"moderator":"{\"owner\":\"f91b4bf8-5aed-3b4e-b9f9-a00743976f96\",\"staffs\":[]}","price":1500.0,"item":"item:\n  ==: org.bukkit.inventory.ItemStack\n  v: 3105\n  type: ENDER_CHEST\n","unlimited":1,"shopType":0,"extra":"QuickShop: {}\n","currency":null,"disableDisplay":false,"taxAccount":"333350c9-c230-30e4-b0a8-7c25bd88bf54"},"type":"SELLING","trader":"4b5ef2db-d2df-3158-a67a-75fb486bc830","itemName":"Ender Chest","itemStack":"item:\n  ==: org.bukkit.inventory.ItemStack\n  v: 3105\n  type: ENDER_CHEST\n","amount":1,"balance":1425.0,"tax":0.05}
[2022-08-12 18:12:36.517] {"beforeTrading":false,"player":"4b5ef2db-d2df-3158-a67a-75fb486bc830","holding":3670.0}
[2022-08-12 18:12:36.517] {"beforeTrading":false,"player":"f91b4bf8-5aed-3b4e-b9f9-a00743976f96","holding":-9600.0}
[2022-08-12 18:17:30.114] {"beforeTrading":true,"player":"108b80af-222a-3406-b923-ab826a39e09b","holding":9500.0}
[2022-08-12 18:17:30.114] {"beforeTrading":true,"player":"86642dfe-61b0-3d01-b9f8-4809f22948fe","holding":213436.0}
[2022-08-12 18:17:30.117] {"shop":{"world":"world","position":{"x":-112,"y":166,"z":90,"world":"world"},"moderator":"{\"owner\":\"86642dfe-61b0-3d01-b9f8-4809f22948fe\",\"staffs\":[]}","price":0.5,"item":"item:\n  ==: org.bukkit.inventory.ItemStack\n  v: 3105\n  type: COBBLESTONE\n","unlimited":1,"shopType":1,"extra":"QuickShop: {}\n","currency":null,"disableDisplay":false,"taxAccount":"333350c9-c230-30e4-b0a8-7c25bd88bf54"},"type":"BUYING","trader":"108b80af-222a-3406-b923-ab826a39e09b","itemName":"Cobblestone","itemStack":"item:\n  ==: org.bukkit.inventory.ItemStack\n  v: 3105\n  type: COBBLESTONE\n","amount":42,"balance":19.95,"tax":0.05}
[2022-08-12 18:17:30.117] {"beforeTrading":false,"player":"108b80af-222a-3406-b923-ab826a39e09b","holding":9519.949999999999}
[2022-08-12 18:17:30.117] {"beforeTrading":false,"player":"86642dfe-61b0-3d01-b9f8-4809f22948fe","holding":213436.0}
[2022-08-12 20:12:39.008] {"beforeTrading":true,"player":"092284e3-ca1c-3cab-ac1c-4f4070f710a3","holding":4750.0}
[2022-08-12 20:12:39.009] {"beforeTrading":true,"player":"86642dfe-61b0-3d01-b9f8-4809f22948fe","holding":213436.0}
[2022-08-12 20:12:39.022] {"shop":{"world":"world","position":{"x":-116,"y":166,"z":88,"world":"world"},"moderator":"{\"owner\":\"86642dfe-61b0-3d01-b9f8-4809f22948fe\",\"staffs\":[]}","price":200.0,"item":"item:\n  ==: org.bukkit.inventory.ItemStack\n  v: 3105\n  type: DIAMOND\n","unlimited":1,"shopType":1,"extra":"QuickShop: {}\n","currency":null,"disableDisplay":false,"taxAccount":"333350c9-c230-30e4-b0a8-7c25bd88bf54"},"type":"BUYING","trader":"092284e3-ca1c-3cab-ac1c-4f4070f710a3","itemName":"Diamond","itemStack":"item:\n  ==: org.bukkit.inventory.ItemStack\n  v: 3105\n  type: DIAMOND\n","amount":64,"balance":12160.0,"tax":0.05}
[2022-08-12 20:12:39.022] {"beforeTrading":false,"player":"092284e3-ca1c-3cab-ac1c-4f4070f710a3","holding":16910.0}
[2022-08-12 20:12:39.022] {"beforeTrading":false,"player":"86642dfe-61b0-3d01-b9f8-4809f22948fe","holding":213436.0}
[2022-08-12 20:17:21.556] {"beforeTrading":true,"player":"092284e3-ca1c-3cab-ac1c-4f4070f710a3","holding":0.0}
[2022-08-12 20:17:21.556] {"beforeTrading":true,"player":"f91b4bf8-5aed-3b4e-b9f9-a00743976f96","holding":-9600.0}
[2022-08-12 20:17:21.557] {"success":false,"from":"092284e3-ca1c-3cab-ac1c-4f4070f710a3","to":null,"currency":null,"tax":75.0,"taxAccount":"333350c9-c230-30e4-b0a8-7c25bd88bf54","amount":1500.0,"lastError":"From hadn't enough money"}
[2022-08-12 20:17:37.506] {"beforeTrading":true,"player":"092284e3-ca1c-3cab-ac1c-4f4070f710a3","holding":1500.0}
[2022-08-12 20:17:37.506] {"beforeTrading":true,"player":"f91b4bf8-5aed-3b4e-b9f9-a00743976f96","holding":-9600.0}
[2022-08-12 20:17:37.508] {"shop":{"world":"world","position":{"x":-109,"y":162,"z":89,"world":"world"},"moderator":"{\"owner\":\"f91b4bf8-5aed-3b4e-b9f9-a00743976f96\",\"staffs\":[]}","price":1500.0,"item":"item:\n  ==: org.bukkit.inventory.ItemStack\n  v: 3105\n  type: ENDER_CHEST\n","unlimited":1,"shopType":0,"extra":"QuickShop: {}\n","currency":null,"disableDisplay":false,"taxAccount":"333350c9-c230-30e4-b0a8-7c25bd88bf54"},"type":"SELLING","trader":"092284e3-ca1c-3cab-ac1c-4f4070f710a3","itemName":"Ender Chest","itemStack":"item:\n  ==: org.bukkit.inventory.ItemStack\n  v: 3105\n  type: ENDER_CHEST\n","amount":1,"balance":1425.0,"tax":0.05}
[2022-08-12 20:17:37.508] {"beforeTrading":false,"player":"092284e3-ca1c-3cab-ac1c-4f4070f710a3","holding":0.0}
[2022-08-12 20:17:37.508] {"beforeTrading":false,"player":"f91b4bf8-5aed-3b4e-b9f9-a00743976f96","holding":-9600.0}
[2022-08-12 20:17:57.961] {"creator":"f91b4bf8-5aed-3b4e-b9f9-a00743976f96","shop":{"world":"world","position":{"x":-119,"y":162,"z":89,"world":"world"},"moderator":"{\"owner\":\"f91b4bf8-5aed-3b4e-b9f9-a00743976f96\",\"staffs\":[]}","price":220.0,"item":"item:\n  ==: org.bukkit.inventory.ItemStack\n  v: 3105\n  type: EMERALD\n","unlimited":0,"shopType":0,"extra":"QuickShop: {}\n","currency":null,"disableDisplay":false,"taxAccount":"333350c9-c230-30e4-b0a8-7c25bd88bf54"},"location":{"==":"org.bukkit.Location","world":"world","x":-119.0,"y":162.0,"z":89.0,"pitch":0.0,"yaw":0.0}}
[2022-08-12 20:19:37.255] {"beforeTrading":true,"player":"092284e3-ca1c-3cab-ac1c-4f4070f710a3","holding":10000.0}
[2022-08-12 20:19:37.256] {"beforeTrading":true,"player":"f91b4bf8-5aed-3b4e-b9f9-a00743976f96","holding":-9600.0}
[2022-08-12 20:19:37.279] {"shop":{"world":"world","position":{"x":-119,"y":162,"z":89,"world":"world"},"moderator":"{\"owner\":\"f91b4bf8-5aed-3b4e-b9f9-a00743976f96\",\"staffs\":[]}","price":220.0,"item":"item:\n  ==: org.bukkit.inventory.ItemStack\n  v: 3105\n  type: EMERALD\n","unlimited":1,"shopType":0,"extra":"QuickShop: {}\n","currency":null,"disableDisplay":false,"taxAccount":"333350c9-c230-30e4-b0a8-7c25bd88bf54"},"type":"SELLING","trader":"092284e3-ca1c-3cab-ac1c-4f4070f710a3","itemName":"Emerald","itemStack":"item:\n  ==: org.bukkit.inventory.ItemStack\n  v: 3105\n  type: EMERALD\n","amount":45,"balance":9405.0,"tax":0.05}
[2022-08-12 20:19:37.279] {"beforeTrading":false,"player":"092284e3-ca1c-3cab-ac1c-4f4070f710a3","holding":100.0}
[2022-08-12 20:19:37.279] {"beforeTrading":false,"player":"f91b4bf8-5aed-3b4e-b9f9-a00743976f96","holding":-9600.0}
[2022-08-12 23:31:54.926] {"beforeTrading":true,"player":"cc6b327a-8e72-3a6d-81e1-8962ecb75607","holding":1294.0}
[2022-08-12 23:31:54.926] {"beforeTrading":true,"player":"86642dfe-61b0-3d01-b9f8-4809f22948fe","holding":213436.0}
[2022-08-12 23:31:54.941] {"shop":{"world":"world","position":{"x":-114,"y":166,"z":88,"world":"world"},"moderator":"{\"owner\":\"86642dfe-61b0-3d01-b9f8-4809f22948fe\",\"staffs\":[]}","price":100.0,"item":"item:\n  ==: org.bukkit.inventory.ItemStack\n  v: 3105\n  type: GOLD_INGOT\n","unlimited":1,"shopType":1,"extra":"QuickShop: {}\n","currency":null,"disableDisplay":false,"taxAccount":"333350c9-c230-30e4-b0a8-7c25bd88bf54"},"type":"BUYING","trader":"cc6b327a-8e72-3a6d-81e1-8962ecb75607","itemName":"Gold Ingot","itemStack":"item:\n  ==: org.bukkit.inventory.ItemStack\n  v: 3105\n  type: GOLD_INGOT\n","amount":96,"balance":9120.0,"tax":0.05}
[2022-08-12 23:31:54.942] {"beforeTrading":false,"player":"cc6b327a-8e72-3a6d-81e1-8962ecb75607","holding":10414.0}
[2022-08-12 23:31:54.942] {"beforeTrading":false,"player":"86642dfe-61b0-3d01-b9f8-4809f22948fe","holding":213436.0}
[2022-08-12 23:32:01.073] {"beforeTrading":true,"player":"cc6b327a-8e72-3a6d-81e1-8962ecb75607","holding":10414.0}
[2022-08-12 23:32:01.075] {"beforeTrading":true,"player":"f91b4bf8-5aed-3b4e-b9f9-a00743976f96","holding":-9600.0}
[2022-08-12 23:32:01.076] {"shop":{"world":"world","position":{"x":-119,"y":162,"z":89,"world":"world"},"moderator":"{\"owner\":\"f91b4bf8-5aed-3b4e-b9f9-a00743976f96\",\"staffs\":[]}","price":220.0,"item":"item:\n  ==: org.bukkit.inventory.ItemStack\n  v: 3105\n  type: EMERALD\n","unlimited":1,"shopType":0,"extra":"QuickShop: {}\n","currency":null,"disableDisplay":false,"taxAccount":"333350c9-c230-30e4-b0a8-7c25bd88bf54"},"type":"SELLING","trader":"cc6b327a-8e72-3a6d-81e1-8962ecb75607","itemName":"Emerald","itemStack":"item:\n  ==: org.bukkit.inventory.ItemStack\n  v: 3105\n  type: EMERALD\n","amount":47,"balance":9823.0,"tax":0.05}
[2022-08-12 23:32:01.077] {"beforeTrading":false,"player":"cc6b327a-8e72-3a6d-81e1-8962ecb75607","holding":74.0}
[2022-08-12 23:32:01.077] {"beforeTrading":false,"player":"f91b4bf8-5aed-3b4e-b9f9-a00743976f96","holding":-9600.0}
[2022-08-12 23:32:58.673] {"beforeTrading":true,"player":"cc6b327a-8e72-3a6d-81e1-8962ecb75607","holding":74.0}
[2022-08-12 23:32:58.674] {"beforeTrading":true,"player":"86642dfe-61b0-3d01-b9f8-4809f22948fe","holding":213436.0}
[2022-08-12 23:32:58.677] {"shop":{"world":"world","position":{"x":-114,"y":166,"z":88,"world":"world"},"moderator":"{\"owner\":\"86642dfe-61b0-3d01-b9f8-4809f22948fe\",\"staffs\":[]}","price":100.0,"item":"item:\n  ==: org.bukkit.inventory.ItemStack\n  v: 3105\n  type: GOLD_INGOT\n","unlimited":1,"shopType":1,"extra":"QuickShop: {}\n","currency":null,"disableDisplay":false,"taxAccount":"333350c9-c230-30e4-b0a8-7c25bd88bf54"},"type":"BUYING","trader":"cc6b327a-8e72-3a6d-81e1-8962ecb75607","itemName":"Gold Ingot","itemStack":"item:\n  ==: org.bukkit.inventory.ItemStack\n  v: 3105\n  type: GOLD_INGOT\n","amount":31,"balance":2945.0,"tax":0.05}
[2022-08-12 23:32:58.677] {"beforeTrading":false,"player":"cc6b327a-8e72-3a6d-81e1-8962ecb75607","holding":3019.0}
[2022-08-12 23:32:58.677] {"beforeTrading":false,"player":"86642dfe-61b0-3d01-b9f8-4809f22948fe","holding":213436.0}
[2022-08-12 23:33:07.323] {"beforeTrading":true,"player":"cc6b327a-8e72-3a6d-81e1-8962ecb75607","holding":3019.0}
[2022-08-12 23:33:07.323] {"beforeTrading":true,"player":"f91b4bf8-5aed-3b4e-b9f9-a00743976f96","holding":-9600.0}
[2022-08-12 23:33:07.325] {"shop":{"world":"world","position":{"x":-119,"y":162,"z":89,"world":"world"},"moderator":"{\"owner\":\"f91b4bf8-5aed-3b4e-b9f9-a00743976f96\",\"staffs\":[]}","price":220.0,"item":"item:\n  ==: org.bukkit.inventory.ItemStack\n  v: 3105\n  type: EMERALD\n","unlimited":1,"shopType":0,"extra":"QuickShop: {}\n","currency":null,"disableDisplay":false,"taxAccount":"333350c9-c230-30e4-b0a8-7c25bd88bf54"},"type":"SELLING","trader":"cc6b327a-8e72-3a6d-81e1-8962ecb75607","itemName":"Emerald","itemStack":"item:\n  ==: org.bukkit.inventory.ItemStack\n  v: 3105\n  type: EMERALD\n","amount":13,"balance":2717.0,"tax":0.05}
[2022-08-12 23:33:07.325] {"beforeTrading":false,"player":"cc6b327a-8e72-3a6d-81e1-8962ecb75607","holding":159.0}
[2022-08-12 23:33:07.325] {"beforeTrading":false,"player":"f91b4bf8-5aed-3b4e-b9f9-a00743976f96","holding":-9600.0}
[2022-08-13 21:47:05.136] {"success":false,"from":"f91b4bf8-5aed-3b4e-b9f9-a00743976f96","to":null,"currency":null,"tax":0.0,"taxAccount":"00000000-0000-0000-0000-000000000000","amount":50.0,"lastError":"From hadn't enough money"}
[2022-08-13 21:47:22.325] {"player":"f91b4bf8-5aed-3b4e-b9f9-a00743976f96","reason":"/qs silentremove command","shop":{"world":"world","position":{"x":-110,"y":166,"z":86,"world":"world"},"moderator":"{\"owner\":\"f91b4bf8-5aed-3b4e-b9f9-a00743976f96\",\"staffs\":[]}","price":50.0,"item":"item:\n  ==: org.bukkit.inventory.ItemStack\n  v: 3105\n  type: QUARTZ\n","unlimited":1,"shopType":1,"extra":"QuickShop: {}\n","currency":null,"disableDisplay":false,"taxAccount":"333350c9-c230-30e4-b0a8-7c25bd88bf54"}}
[2022-08-13 21:47:22.325] {"player":"00000000-0000-0000-0000-000000000000","reason":"Shop removed","shop":{"world":"world","position":{"x":-110,"y":166,"z":86,"world":"world"},"moderator":"{\"owner\":\"f91b4bf8-5aed-3b4e-b9f9-a00743976f96\",\"staffs\":[]}","price":50.0,"item":"item:\n  ==: org.bukkit.inventory.ItemStack\n  v: 3105\n  type: QUARTZ\n","unlimited":1,"shopType":1,"extra":"QuickShop: {}\n","currency":null,"disableDisplay":false,"taxAccount":"333350c9-c230-30e4-b0a8-7c25bd88bf54"}}
[2022-08-13 21:47:35.956] {"beforeTrading":true,"player":"092284e3-ca1c-3cab-ac1c-4f4070f710a3","holding":100.0}
[2022-08-13 21:47:35.956] {"beforeTrading":true,"player":"86642dfe-61b0-3d01-b9f8-4809f22948fe","holding":211957.59999999998}
[2022-08-13 21:47:35.967] {"shop":{"world":"world","position":{"x":-114,"y":166,"z":88,"world":"world"},"moderator":"{\"owner\":\"86642dfe-61b0-3d01-b9f8-4809f22948fe\",\"staffs\":[]}","price":100.0,"item":"item:\n  ==: org.bukkit.inventory.ItemStack\n  v: 3105\n  type: GOLD_INGOT\n","unlimited":1,"shopType":1,"extra":"QuickShop: {}\n","currency":null,"disableDisplay":false,"taxAccount":"333350c9-c230-30e4-b0a8-7c25bd88bf54"},"type":"BUYING","trader":"092284e3-ca1c-3cab-ac1c-4f4070f710a3","itemName":"Gold Ingot","itemStack":"item:\n  ==: org.bukkit.inventory.ItemStack\n  v: 3105\n  type: GOLD_INGOT\n","amount":64,"balance":6080.0,"tax":0.05}
[2022-08-13 21:47:35.967] {"beforeTrading":false,"player":"092284e3-ca1c-3cab-ac1c-4f4070f710a3","holding":6180.0}
[2022-08-13 21:47:35.967] {"beforeTrading":false,"player":"86642dfe-61b0-3d01-b9f8-4809f22948fe","holding":211957.59999999998}
[2022-08-13 21:47:39.558] {"creator":"f91b4bf8-5aed-3b4e-b9f9-a00743976f96","shop":{"world":"world","position":{"x":-110,"y":166,"z":86,"world":"world"},"moderator":"{\"owner\":\"f91b4bf8-5aed-3b4e-b9f9-a00743976f96\",\"staffs\":[]}","price":10.0,"item":"item:\n  ==: org.bukkit.inventory.ItemStack\n  v: 3105\n  type: QUARTZ\n","unlimited":0,"shopType":0,"extra":"QuickShop: {}\n","currency":null,"disableDisplay":false,"taxAccount":"333350c9-c230-30e4-b0a8-7c25bd88bf54"},"location":{"==":"org.bukkit.Location","world":"world","x":-110.0,"y":166.0,"z":86.0,"pitch":0.0,"yaw":0.0}}
[2022-08-13 21:48:02.955] {"creator":"f91b4bf8-5aed-3b4e-b9f9-a00743976f96","shop":{"world":"world","position":{"x":-112,"y":162,"z":88,"world":"world"},"moderator":"{\"owner\":\"f91b4bf8-5aed-3b4e-b9f9-a00743976f96\",\"staffs\":[]}","price":25.0,"item":"item:\n  ==: org.bukkit.inventory.ItemStack\n  v: 3105\n  type: QUARTZ_BLOCK\n","unlimited":0,"shopType":0,"extra":"QuickShop: {}\n","currency":null,"disableDisplay":false,"taxAccount":"333350c9-c230-30e4-b0a8-7c25bd88bf54"},"location":{"==":"org.bukkit.Location","world":"world","x":-112.0,"y":162.0,"z":88.0,"pitch":0.0,"yaw":0.0}}
[2022-08-13 21:48:14.254] {"beforeTrading":true,"player":"092284e3-ca1c-3cab-ac1c-4f4070f710a3","holding":6180.0}
[2022-08-13 21:48:14.254] {"beforeTrading":true,"player":"f91b4bf8-5aed-3b4e-b9f9-a00743976f96","holding":-9600.0}
[2022-08-13 21:48:14.257] {"shop":{"world":"world","position":{"x":-112,"y":162,"z":88,"world":"world"},"moderator":"{\"owner\":\"f91b4bf8-5aed-3b4e-b9f9-a00743976f96\",\"staffs\":[]}","price":25.0,"item":"item:\n  ==: org.bukkit.inventory.ItemStack\n  v: 3105\n  type: QUARTZ_BLOCK\n","unlimited":1,"shopType":0,"extra":"QuickShop: {}\n","currency":null,"disableDisplay":false,"taxAccount":"333350c9-c230-30e4-b0a8-7c25bd88bf54"},"type":"SELLING","trader":"092284e3-ca1c-3cab-ac1c-4f4070f710a3","itemName":"Quartz Block","itemStack":"item:\n  ==: org.bukkit.inventory.ItemStack\n  v: 3105\n  type: QUARTZ_BLOCK\n","amount":247,"balance":5866.25,"tax":0.05}
[2022-08-13 21:48:14.258] {"beforeTrading":false,"player":"092284e3-ca1c-3cab-ac1c-4f4070f710a3","holding":5.0}
[2022-08-13 21:48:14.258] {"beforeTrading":false,"player":"f91b4bf8-5aed-3b4e-b9f9-a00743976f96","holding":-9600.0}
[2022-08-13 21:56:21.755] {"creator":"f91b4bf8-5aed-3b4e-b9f9-a00743976f96","shop":{"world":"world","position":{"x":-112,"y":166,"z":86,"world":"world"},"moderator":"{\"owner\":\"f91b4bf8-5aed-3b4e-b9f9-a00743976f96\",\"staffs\":[]}","price":800.0,"item":"item:\n  ==: org.bukkit.inventory.ItemStack\n  v: 3105\n  type: ANCIENT_DEBRIS\n","unlimited":0,"shopType":0,"extra":"QuickShop: {}\n","currency":null,"disableDisplay":false,"taxAccount":"333350c9-c230-30e4-b0a8-7c25bd88bf54"},"location":{"==":"org.bukkit.Location","world":"world","x":-112.0,"y":166.0,"z":86.0,"pitch":0.0,"yaw":0.0}}
[2022-08-13 22:37:43.154] {"beforeTrading":true,"player":"cc6b327a-8e72-3a6d-81e1-8962ecb75607","holding":159.0}
[2022-08-13 22:37:43.154] {"beforeTrading":true,"player":"86642dfe-61b0-3d01-b9f8-4809f22948fe","holding":211957.59999999998}
[2022-08-13 22:37:43.160] {"shop":{"world":"world","position":{"x":-114,"y":166,"z":88,"world":"world"},"moderator":"{\"owner\":\"86642dfe-61b0-3d01-b9f8-4809f22948fe\",\"staffs\":[]}","price":100.0,"item":"item:\n  ==: org.bukkit.inventory.ItemStack\n  v: 3105\n  type: GOLD_INGOT\n","unlimited":1,"shopType":1,"extra":"QuickShop: {}\n","currency":null,"disableDisplay":false,"taxAccount":"333350c9-c230-30e4-b0a8-7c25bd88bf54"},"type":"BUYING","trader":"cc6b327a-8e72-3a6d-81e1-8962ecb75607","itemName":"Gold Ingot","itemStack":"item:\n  ==: org.bukkit.inventory.ItemStack\n  v: 3105\n  type: GOLD_INGOT\n","amount":122,"balance":11590.0,"tax":0.05}
[2022-08-13 22:37:43.160] {"beforeTrading":false,"player":"cc6b327a-8e72-3a6d-81e1-8962ecb75607","holding":11749.0}
[2022-08-13 22:37:43.160] {"beforeTrading":false,"player":"86642dfe-61b0-3d01-b9f8-4809f22948fe","holding":211957.59999999998}
[2022-08-13 22:38:00.354] {"beforeTrading":true,"player":"cc6b327a-8e72-3a6d-81e1-8962ecb75607","holding":11749.0}
[2022-08-13 22:38:00.354] {"beforeTrading":true,"player":"f91b4bf8-5aed-3b4e-b9f9-a00743976f96","holding":-9600.0}
[2022-08-13 22:38:00.359] {"shop":{"world":"world","position":{"x":-119,"y":162,"z":89,"world":"world"},"moderator":"{\"owner\":\"f91b4bf8-5aed-3b4e-b9f9-a00743976f96\",\"staffs\":[]}","price":220.0,"item":"item:\n  ==: org.bukkit.inventory.ItemStack\n  v: 3105\n  type: EMERALD\n","unlimited":1,"shopType":0,"extra":"QuickShop: {}\n","currency":null,"disableDisplay":false,"taxAccount":"333350c9-c230-30e4-b0a8-7c25bd88bf54"},"type":"SELLING","trader":"cc6b327a-8e72-3a6d-81e1-8962ecb75607","itemName":"Emerald","itemStack":"item:\n  ==: org.bukkit.inventory.ItemStack\n  v: 3105\n  type: EMERALD\n","amount":53,"balance":11077.0,"tax":0.05}
[2022-08-13 22:38:00.360] {"beforeTrading":false,"player":"cc6b327a-8e72-3a6d-81e1-8962ecb75607","holding":89.0}
[2022-08-13 22:38:00.360] {"beforeTrading":false,"player":"f91b4bf8-5aed-3b4e-b9f9-a00743976f96","holding":-9600.0}
[2022-08-13 22:55:50.655] {"beforeTrading":true,"player":"cc6b327a-8e72-3a6d-81e1-8962ecb75607","holding":89.0}
[2022-08-13 22:55:50.655] {"beforeTrading":true,"player":"f91b4bf8-5aed-3b4e-b9f9-a00743976f96","holding":-9600.0}
[2022-08-13 22:55:50.659] {"shop":{"world":"world","position":{"x":-110,"y":166,"z":86,"world":"world"},"moderator":"{\"owner\":\"f91b4bf8-5aed-3b4e-b9f9-a00743976f96\",\"staffs\":[]}","price":10.0,"item":"item:\n  ==: org.bukkit.inventory.ItemStack\n  v: 3105\n  type: QUARTZ\n","unlimited":1,"shopType":1,"extra":"QuickShop: {}\n","currency":null,"disableDisplay":false,"taxAccount":"333350c9-c230-30e4-b0a8-7c25bd88bf54"},"type":"BUYING","trader":"cc6b327a-8e72-3a6d-81e1-8962ecb75607","itemName":"Quartz","itemStack":"item:\n  ==: org.bukkit.inventory.ItemStack\n  v: 3105\n  type: QUARTZ\n","amount":200,"balance":1900.0,"tax":0.05}
[2022-08-13 22:55:50.659] {"beforeTrading":false,"player":"cc6b327a-8e72-3a6d-81e1-8962ecb75607","holding":1989.0}
[2022-08-13 22:55:50.660] {"beforeTrading":false,"player":"f91b4bf8-5aed-3b4e-b9f9-a00743976f96","holding":-9600.0}
[2022-08-13 22:55:54.355] {"beforeTrading":true,"player":"cc6b327a-8e72-3a6d-81e1-8962ecb75607","holding":1989.0}
[2022-08-13 22:55:54.355] {"beforeTrading":true,"player":"86642dfe-61b0-3d01-b9f8-4809f22948fe","holding":211957.59999999998}
[2022-08-13 22:55:54.358] {"shop":{"world":"world","position":{"x":-114,"y":166,"z":88,"world":"world"},"moderator":"{\"owner\":\"86642dfe-61b0-3d01-b9f8-4809f22948fe\",\"staffs\":[]}","price":100.0,"item":"item:\n  ==: org.bukkit.inventory.ItemStack\n  v: 3105\n  type: GOLD_INGOT\n","unlimited":1,"shopType":1,"extra":"QuickShop: {}\n","currency":null,"disableDisplay":false,"taxAccount":"333350c9-c230-30e4-b0a8-7c25bd88bf54"},"type":"BUYING","trader":"cc6b327a-8e72-3a6d-81e1-8962ecb75607","itemName":"Gold Ingot","itemStack":"item:\n  ==: org.bukkit.inventory.ItemStack\n  v: 3105\n  type: GOLD_INGOT\n","amount":29,"balance":2755.0,"tax":0.05}
[2022-08-13 22:55:54.358] {"beforeTrading":false,"player":"cc6b327a-8e72-3a6d-81e1-8962ecb75607","holding":4744.0}
[2022-08-13 22:55:54.358] {"beforeTrading":false,"player":"86642dfe-61b0-3d01-b9f8-4809f22948fe","holding":211957.59999999998}
[2022-08-13 22:56:06.004] {"beforeTrading":true,"player":"cc6b327a-8e72-3a6d-81e1-8962ecb75607","holding":4744.0}
[2022-08-13 22:56:06.004] {"beforeTrading":true,"player":"f91b4bf8-5aed-3b4e-b9f9-a00743976f96","holding":-9600.0}
[2022-08-13 22:56:06.006] {"shop":{"world":"world","position":{"x":-119,"y":162,"z":89,"world":"world"},"moderator":"{\"owner\":\"f91b4bf8-5aed-3b4e-b9f9-a00743976f96\",\"staffs\":[]}","price":220.0,"item":"item:\n  ==: org.bukkit.inventory.ItemStack\n  v: 3105\n  type: EMERALD\n","unlimited":1,"shopType":0,"extra":"QuickShop: {}\n","currency":null,"disableDisplay":false,"taxAccount":"333350c9-c230-30e4-b0a8-7c25bd88bf54"},"type":"SELLING","trader":"cc6b327a-8e72-3a6d-81e1-8962ecb75607","itemName":"Emerald","itemStack":"item:\n  ==: org.bukkit.inventory.ItemStack\n  v: 3105\n  type: EMERALD\n","amount":21,"balance":4389.0,"tax":0.05}
[2022-08-13 22:56:06.006] {"beforeTrading":false,"player":"cc6b327a-8e72-3a6d-81e1-8962ecb75607","holding":124.0}
[2022-08-13 22:56:06.006] {"beforeTrading":false,"player":"f91b4bf8-5aed-3b4e-b9f9-a00743976f96","holding":-9600.0}
[2022-08-13 23:03:45.154] {"beforeTrading":true,"player":"cc6b327a-8e72-3a6d-81e1-8962ecb75607","holding":124.0}
[2022-08-13 23:03:45.154] {"beforeTrading":true,"player":"f91b4bf8-5aed-3b4e-b9f9-a00743976f96","holding":-9600.0}
[2022-08-13 23:03:45.157] {"shop":{"world":"world","position":{"x":-110,"y":166,"z":86,"world":"world"},"moderator":"{\"owner\":\"f91b4bf8-5aed-3b4e-b9f9-a00743976f96\",\"staffs\":[]}","price":10.0,"item":"item:\n  ==: org.bukkit.inventory.ItemStack\n  v: 3105\n  type: QUARTZ\n","unlimited":1,"shopType":1,"extra":"QuickShop: {}\n","currency":null,"disableDisplay":false,"taxAccount":"333350c9-c230-30e4-b0a8-7c25bd88bf54"},"type":"BUYING","trader":"cc6b327a-8e72-3a6d-81e1-8962ecb75607","itemName":"Quartz","itemStack":"item:\n  ==: org.bukkit.inventory.ItemStack\n  v: 3105\n  type: QUARTZ\n","amount":449,"balance":4265.5,"tax":0.05}
[2022-08-13 23:03:45.157] {"beforeTrading":false,"player":"cc6b327a-8e72-3a6d-81e1-8962ecb75607","holding":4389.5}
[2022-08-13 23:03:45.157] {"beforeTrading":false,"player":"f91b4bf8-5aed-3b4e-b9f9-a00743976f96","holding":-9600.0}
[2022-08-13 23:03:48.304] {"beforeTrading":true,"player":"cc6b327a-8e72-3a6d-81e1-8962ecb75607","holding":4389.5}
[2022-08-13 23:03:48.304] {"beforeTrading":true,"player":"86642dfe-61b0-3d01-b9f8-4809f22948fe","holding":211957.59999999998}
[2022-08-13 23:03:48.307] {"shop":{"world":"world","position":{"x":-114,"y":166,"z":88,"world":"world"},"moderator":"{\"owner\":\"86642dfe-61b0-3d01-b9f8-4809f22948fe\",\"staffs\":[]}","price":100.0,"item":"item:\n  ==: org.bukkit.inventory.ItemStack\n  v: 3105\n  type: GOLD_INGOT\n","unlimited":1,"shopType":1,"extra":"QuickShop: {}\n","currency":null,"disableDisplay":false,"taxAccount":"333350c9-c230-30e4-b0a8-7c25bd88bf54"},"type":"BUYING","trader":"cc6b327a-8e72-3a6d-81e1-8962ecb75607","itemName":"Gold Ingot","itemStack":"item:\n  ==: org.bukkit.inventory.ItemStack\n  v: 3105\n  type: GOLD_INGOT\n","amount":4,"balance":380.0,"tax":0.05}
[2022-08-13 23:03:48.307] {"beforeTrading":false,"player":"cc6b327a-8e72-3a6d-81e1-8962ecb75607","holding":4769.5}
[2022-08-13 23:03:48.307] {"beforeTrading":false,"player":"86642dfe-61b0-3d01-b9f8-4809f22948fe","holding":211957.59999999998}
[2022-08-13 23:03:52.154] {"beforeTrading":true,"player":"cc6b327a-8e72-3a6d-81e1-8962ecb75607","holding":4769.5}
[2022-08-13 23:03:52.154] {"beforeTrading":true,"player":"f91b4bf8-5aed-3b4e-b9f9-a00743976f96","holding":-9600.0}
[2022-08-13 23:03:52.156] {"shop":{"world":"world","position":{"x":-119,"y":162,"z":89,"world":"world"},"moderator":"{\"owner\":\"f91b4bf8-5aed-3b4e-b9f9-a00743976f96\",\"staffs\":[]}","price":220.0,"item":"item:\n  ==: org.bukkit.inventory.ItemStack\n  v: 3105\n  type: EMERALD\n","unlimited":1,"shopType":0,"extra":"QuickShop: {}\n","currency":null,"disableDisplay":false,"taxAccount":"333350c9-c230-30e4-b0a8-7c25bd88bf54"},"type":"SELLING","trader":"cc6b327a-8e72-3a6d-81e1-8962ecb75607","itemName":"Emerald","itemStack":"item:\n  ==: org.bukkit.inventory.ItemStack\n  v: 3105\n  type: EMERALD\n","amount":21,"balance":4389.0,"tax":0.05}
[2022-08-13 23:03:52.156] {"beforeTrading":false,"player":"cc6b327a-8e72-3a6d-81e1-8962ecb75607","holding":149.5}
[2022-08-13 23:03:52.156] {"beforeTrading":false,"player":"f91b4bf8-5aed-3b4e-b9f9-a00743976f96","holding":-9600.0}
[2022-08-14 01:42:54.164] {"beforeTrading":true,"player":"092284e3-ca1c-3cab-ac1c-4f4070f710a3","holding":10005.0}
[2022-08-14 01:42:54.166] {"beforeTrading":true,"player":"f91b4bf8-5aed-3b4e-b9f9-a00743976f96","holding":-9600.0}
[2022-08-14 01:42:54.182] {"shop":{"world":"world","position":{"x":-119,"y":162,"z":89,"world":"world"},"moderator":"{\"owner\":\"f91b4bf8-5aed-3b4e-b9f9-a00743976f96\",\"staffs\":[]}","price":220.0,"item":"item:\n  ==: org.bukkit.inventory.ItemStack\n  v: 3105\n  type: EMERALD\n","unlimited":1,"shopType":0,"extra":"QuickShop: {}\n","currency":null,"disableDisplay":false,"taxAccount":"333350c9-c230-30e4-b0a8-7c25bd88bf54"},"type":"SELLING","trader":"092284e3-ca1c-3cab-ac1c-4f4070f710a3","itemName":"Emerald","itemStack":"item:\n  ==: org.bukkit.inventory.ItemStack\n  v: 3105\n  type: EMERALD\n","amount":45,"balance":9405.0,"tax":0.05}
[2022-08-14 01:42:54.182] {"beforeTrading":false,"player":"092284e3-ca1c-3cab-ac1c-4f4070f710a3","holding":105.0}
[2022-08-14 01:42:54.183] {"beforeTrading":false,"player":"f91b4bf8-5aed-3b4e-b9f9-a00743976f96","holding":-9600.0}
