[2022-08-14 01:38:58] [信息     ] [M] 正在初始化 Prism 3.5.0-CN. 作者 Viveleroi; 汉化 Rothes
[2022-08-14 01:38:58] [信息     ] [M] 
[2022-08-14 01:38:58] [信息     ] [M] §a=============================================================
[2022-08-14 01:38:58] [信息     ] [M] §2 * 您正在使用第三方汉化版本的 Prism 插件!
[2022-08-14 01:38:58] [信息     ] [M] §2 * 请不要使用本插件在英文版支持处/ GitHub 上反馈任何问题!
[2022-08-14 01:38:58] [信息     ] [M] §2 * 此汉化的 GitHub 为 https://github.com/Rothes/PrismRefracted
[2022-08-14 01:38:58] [信息     ] [M] §a=============================================================
[2022-08-14 01:38:58] [信息     ] [M] 
[2022-08-14 01:38:58] [信息     ] [M] 正在根据 hikari.properties 配置 Hikari
[2022-08-14 01:38:58] [信息     ] [M] Elixr: 已加载物品名录
[2022-08-14 01:38:58] [信息     ] [M] 将启用可选的 Paper 事件.
[2022-08-14 01:38:58] [信息     ] [M] 发现 WorldEdit. 相关功能已启用.
[2022-08-14 01:38:58] [信息     ] [M] PasteApi 已配置且可用
[2022-08-14 01:39:02] [信息     ] [91] 正在尝试作为 MySQL 配置数据源.
[2022-08-14 01:39:02] [信息     ] [91] 未发现挂钩到 Hikari 的 metric 记录器.
[2022-08-14 01:39:02] [信息     ] [91] Prism 已检测到您的数据库版本为:5.5.62-log / Source distribution
[2022-08-14 01:39:02] [信息     ] [91] 您已设定 nonStandardSql 为 true
[2022-08-14 01:39:02] [信息     ] [91] 您可以使用 不规范的 SQL
[2022-08-14 01:39:03] [信息     ] [91] 已完成更新检查: 中文版架构 v2
[2022-08-14 01:39:03] [信息     ] [91] 已完成更新检查: 架构 v8
[2022-08-14 01:39:03] [信息     ] [131] 数据清理执行器计划任务已新一次开始执行...
[2022-08-14 01:39:03] [信息     ] [131] 数据库数据清理执行参数: before:8w
[2022-08-14 01:39:03] [信息     ] [131] 数据库数据清理执行参数: a:water-flow before:4w
[2022-08-14 01:39:03] [信息     ] [131] 正在开始 Prism 数据库周期数据清理. 清理将分批进行, 因此我们不会占用数据库...
[2022-08-14 01:39:03] [信息     ] [94] §b使用插件时遇到任何问题, 请加入我们的 QQ群: 422532220!
[2022-08-14 01:39:05] [信息     ] [112] 清理了 0 行. 最大周期时间为 0 毫秒. 使用: before:8w
[2022-08-14 01:39:05] [信息     ] [112] 正在进行下一数据清理规则...
[2022-08-14 01:39:06] [信息     ] [112] 清理了 0 行. 最大周期时间为 0 毫秒. 使用: a:water-flow before:4w
[2022-08-14 08:36:23] [信息     ] [1508] gou 发现了 2 绿宝石矿石 光照强度 0%
[2022-08-14 08:39:30] [信息     ] [1533] gou 发现了 4 铁矿石 光照强度 0%
[2022-08-14 08:39:33] [信息     ] [1524] gou 发现了 2 铁矿石 光照强度 0%
[2022-08-14 08:39:39] [信息     ] [1533] gou 发现了 3 铁矿石 光照强度 13%
[2022-08-14 08:39:58] [信息     ] [1524] gou 发现了 4 铁矿石 光照强度 0%
[2022-08-14 08:40:17] [信息     ] [1549] gou 发现了 1 金矿石 光照强度 0%
[2022-08-14 08:56:10] [信息     ] [M] gou 使用了 打火石 来点火
[2022-08-14 10:36:04] [信息     ] [M] 正在强制记录器队列在关闭前运行新一批次...
[2022-08-14 10:36:04] [信息     ] [M] 正在关闭插件.
